{"D:\\grow\\week9\\day4\\app.js": {"path":"D:\\grow\\week9\\day4\\app.js","statementMap":{"0":{"start":{"line":1,"column":0},"end":{"line":1,"column":27}},"1":{"start":{"line":2,"column":16},"end":{"line":2,"column":34}},"2":{"start":{"line":3,"column":15},"end":{"line":3,"column":32}},"3":{"start":{"line":4,"column":13},"end":{"line":4,"column":28}},"4":{"start":{"line":5,"column":21},"end":{"line":5,"column":45}},"5":{"start":{"line":6,"column":15},"end":{"line":6,"column":32}},"6":{"start":{"line":7,"column":20},"end":{"line":7,"column":51}},"7":{"start":{"line":8,"column":22},"end":{"line":8,"column":57}},"8":{"start":{"line":9,"column":20},"end":{"line":9,"column":56}},"9":{"start":{"line":10,"column":23},"end":{"line":10,"column":60}},"10":{"start":{"line":11,"column":22},"end":{"line":11,"column":54}},"11":{"start":{"line":12,"column":22},"end":{"line":12,"column":60}},"12":{"start":{"line":14,"column":0},"end":{"line":14,"column":23}},"13":{"start":{"line":16,"column":12},"end":{"line":16,"column":21}},"14":{"start":{"line":17,"column":0},"end":{"line":17,"column":24}},"15":{"start":{"line":18,"column":0},"end":{"line":18,"column":24}},"16":{"start":{"line":19,"column":0},"end":{"line":19,"column":16}},"17":{"start":{"line":20,"column":0},"end":{"line":20,"column":18}},"18":{"start":{"line":21,"column":0},"end":{"line":21,"column":23}},"19":{"start":{"line":23,"column":0},"end":{"line":23,"column":23}},"20":{"start":{"line":25,"column":0},"end":{"line":25,"column":35}},"21":{"start":{"line":26,"column":0},"end":{"line":26,"column":40}},"22":{"start":{"line":27,"column":0},"end":{"line":27,"column":41}},"23":{"start":{"line":28,"column":0},"end":{"line":28,"column":42}},"24":{"start":{"line":30,"column":0},"end":{"line":33,"column":3}},"25":{"start":{"line":31,"column":2},"end":{"line":31,"column":54}},"26":{"start":{"line":32,"column":2},"end":{"line":32,"column":80}},"27":{"start":{"line":35,"column":0},"end":{"line":35,"column":21}}},"fnMap":{"0":{"name":"(anonymous_0)","decl":{"start":{"line":30,"column":8},"end":{"line":30,"column":9}},"loc":{"start":{"line":30,"column":33},"end":{"line":33,"column":1}},"line":30}},"branchMap":{"0":{"loc":{"start":{"line":31,"column":36},"end":{"line":31,"column":52}},"type":"binary-expr","locations":[{"start":{"line":31,"column":36},"end":{"line":31,"column":45}},{"start":{"line":31,"column":49},"end":{"line":31,"column":52}}],"line":31},"1":{"loc":{"start":{"line":32,"column":17},"end":{"line":32,"column":38}},"type":"binary-expr","locations":[{"start":{"line":32,"column":17},"end":{"line":32,"column":31}},{"start":{"line":32,"column":35},"end":{"line":32,"column":38}}],"line":32},"2":{"loc":{"start":{"line":32,"column":40},"end":{"line":32,"column":78}},"type":"binary-expr","locations":[{"start":{"line":32,"column":40},"end":{"line":32,"column":51}},{"start":{"line":32,"column":55},"end":{"line":32,"column":78}}],"line":32}},"s":{"0":1,"1":1,"2":1,"3":1,"4":1,"5":1,"6":1,"7":1,"8":1,"9":1,"10":1,"11":1,"12":1,"13":1,"14":1,"15":1,"16":1,"17":1,"18":1,"19":1,"20":1,"21":1,"22":1,"23":1,"24":1,"25":0,"26":0,"27":1},"f":{"0":0},"b":{"0":[0,0],"1":[0,0],"2":[0,0]},"_coverageSchema":"1a1c01bbd47fc00a2c39e90264f33305004495a9","hash":"293c572c1eb65ebdb2f4f894a92e48191d4f00b0"}
,"D:\\grow\\week9\\day4\\Admin\\Device.js": {"path":"D:\\grow\\week9\\day4\\Admin\\Device.js","statementMap":{"0":{"start":{"line":1,"column":17},"end":{"line":1,"column":36}},"1":{"start":{"line":3,"column":21},"end":{"line":7,"column":2}},"2":{"start":{"line":9,"column":0},"end":{"line":9,"column":56}}},"fnMap":{},"branchMap":{},"s":{"0":2,"1":2,"2":2},"f":{},"b":{},"_coverageSchema":"1a1c01bbd47fc00a2c39e90264f33305004495a9","hash":"c18d0a7e89ff4cf979a15d6c39589a935b1c26dc"}
,"D:\\grow\\week9\\day4\\Admin\\admin.controller.js": {"path":"D:\\grow\\week9\\day4\\Admin\\admin.controller.js","statementMap":{"0":{"start":{"line":1,"column":13},"end":{"line":1,"column":37}},"1":{"start":{"line":2,"column":15},"end":{"line":2,"column":32}},"2":{"start":{"line":3,"column":12},"end":{"line":3,"column":35}},"3":{"start":{"line":4,"column":54},"end":{"line":4,"column":84}},"4":{"start":{"line":5,"column":88},"end":{"line":5,"column":112}},"5":{"start":{"line":6,"column":43},"end":{"line":6,"column":76}},"6":{"start":{"line":8,"column":30},"end":{"line":15,"column":1}},"7":{"start":{"line":9,"column":2},"end":{"line":14,"column":5}},"8":{"start":{"line":17,"column":0},"end":{"line":46,"column":2}},"9":{"start":{"line":18,"column":2},"end":{"line":45,"column":3}},"10":{"start":{"line":19,"column":45},"end":{"line":19,"column":53}},"11":{"start":{"line":20,"column":4},"end":{"line":27,"column":5}},"12":{"start":{"line":21,"column":6},"end":{"line":26,"column":15}},"13":{"start":{"line":28,"column":25},"end":{"line":30,"column":6}},"14":{"start":{"line":31,"column":4},"end":{"line":38,"column":5}},"15":{"start":{"line":32,"column":6},"end":{"line":34,"column":7}},"16":{"start":{"line":33,"column":8},"end":{"line":33,"column":54}},"17":{"start":{"line":35,"column":6},"end":{"line":37,"column":7}},"18":{"start":{"line":36,"column":8},"end":{"line":36,"column":61}},"19":{"start":{"line":39,"column":17},"end":{"line":39,"column":59}},"20":{"start":{"line":40,"column":4},"end":{"line":40,"column":22}},"21":{"start":{"line":41,"column":4},"end":{"line":41,"column":72}},"22":{"start":{"line":43,"column":4},"end":{"line":43,"column":46}},"23":{"start":{"line":44,"column":4},"end":{"line":44,"column":26}},"24":{"start":{"line":48,"column":0},"end":{"line":89,"column":2}},"25":{"start":{"line":49,"column":2},"end":{"line":88,"column":3}},"26":{"start":{"line":50,"column":32},"end":{"line":50,"column":40}},"27":{"start":{"line":51,"column":4},"end":{"line":58,"column":5}},"28":{"start":{"line":52,"column":6},"end":{"line":57,"column":15}},"29":{"start":{"line":60,"column":17},"end":{"line":60,"column":94}},"30":{"start":{"line":61,"column":4},"end":{"line":61,"column":65}},"31":{"start":{"line":61,"column":15},"end":{"line":61,"column":65}},"32":{"start":{"line":63,"column":23},"end":{"line":63,"column":48}},"33":{"start":{"line":64,"column":4},"end":{"line":66,"column":5}},"34":{"start":{"line":65,"column":6},"end":{"line":65,"column":53}},"35":{"start":{"line":68,"column":20},"end":{"line":68,"column":66}},"36":{"start":{"line":69,"column":4},"end":{"line":72,"column":5}},"37":{"start":{"line":70,"column":6},"end":{"line":70,"column":36}},"38":{"start":{"line":71,"column":6},"end":{"line":71,"column":53}},"39":{"start":{"line":74,"column":4},"end":{"line":74,"column":35}},"40":{"start":{"line":76,"column":24},"end":{"line":76,"column":49}},"41":{"start":{"line":77,"column":25},"end":{"line":77,"column":51}},"42":{"start":{"line":79,"column":4},"end":{"line":79,"column":37}},"43":{"start":{"line":80,"column":4},"end":{"line":80,"column":22}},"44":{"start":{"line":82,"column":4},"end":{"line":82,"column":45}},"45":{"start":{"line":83,"column":4},"end":{"line":83,"column":37}},"46":{"start":{"line":86,"column":4},"end":{"line":86,"column":39}},"47":{"start":{"line":87,"column":4},"end":{"line":87,"column":26}},"48":{"start":{"line":90,"column":0},"end":{"line":112,"column":2}},"49":{"start":{"line":91,"column":2},"end":{"line":111,"column":3}},"50":{"start":{"line":92,"column":18},"end":{"line":92,"column":43}},"51":{"start":{"line":93,"column":4},"end":{"line":93,"column":43}},"52":{"start":{"line":93,"column":16},"end":{"line":93,"column":43}},"53":{"start":{"line":95,"column":4},"end":{"line":100,"column":5}},"54":{"start":{"line":96,"column":6},"end":{"line":96,"column":66}},"55":{"start":{"line":98,"column":6},"end":{"line":98,"column":38}},"56":{"start":{"line":99,"column":6},"end":{"line":99,"column":33}},"57":{"start":{"line":101,"column":17},"end":{"line":101,"column":48}},"58":{"start":{"line":102,"column":4},"end":{"line":105,"column":5}},"59":{"start":{"line":103,"column":6},"end":{"line":103,"column":29}},"60":{"start":{"line":104,"column":6},"end":{"line":104,"column":24}},"61":{"start":{"line":106,"column":4},"end":{"line":106,"column":36}},"62":{"start":{"line":107,"column":4},"end":{"line":107,"column":60}},"63":{"start":{"line":109,"column":4},"end":{"line":109,"column":40}},"64":{"start":{"line":110,"column":4},"end":{"line":110,"column":48}},"65":{"start":{"line":114,"column":0},"end":{"line":145,"column":2}},"66":{"start":{"line":115,"column":2},"end":{"line":144,"column":3}},"67":{"start":{"line":116,"column":4},"end":{"line":118,"column":5}},"68":{"start":{"line":117,"column":6},"end":{"line":117,"column":76}},"69":{"start":{"line":119,"column":21},"end":{"line":119,"column":45}},"70":{"start":{"line":121,"column":4},"end":{"line":125,"column":5}},"71":{"start":{"line":122,"column":6},"end":{"line":122,"column":69}},"72":{"start":{"line":124,"column":6},"end":{"line":124,"column":83}},"73":{"start":{"line":126,"column":17},"end":{"line":126,"column":48}},"74":{"start":{"line":127,"column":4},"end":{"line":129,"column":5}},"75":{"start":{"line":128,"column":6},"end":{"line":128,"column":83}},"76":{"start":{"line":130,"column":28},"end":{"line":130,"column":54}},"77":{"start":{"line":131,"column":27},"end":{"line":131,"column":52}},"78":{"start":{"line":132,"column":4},"end":{"line":132,"column":40}},"79":{"start":{"line":133,"column":4},"end":{"line":133,"column":22}},"80":{"start":{"line":134,"column":4},"end":{"line":139,"column":7}},"81":{"start":{"line":140,"column":4},"end":{"line":140,"column":53}},"82":{"start":{"line":142,"column":4},"end":{"line":142,"column":41}},"83":{"start":{"line":143,"column":4},"end":{"line":143,"column":72}},"84":{"start":{"line":147,"column":0},"end":{"line":171,"column":2}},"85":{"start":{"line":148,"column":2},"end":{"line":170,"column":3}},"86":{"start":{"line":149,"column":45},"end":{"line":149,"column":53}},"87":{"start":{"line":150,"column":4},"end":{"line":157,"column":5}},"88":{"start":{"line":151,"column":6},"end":{"line":156,"column":15}},"89":{"start":{"line":158,"column":17},"end":{"line":158,"column":49}},"90":{"start":{"line":159,"column":4},"end":{"line":159,"column":60}},"91":{"start":{"line":159,"column":15},"end":{"line":159,"column":60}},"92":{"start":{"line":160,"column":20},"end":{"line":160,"column":72}},"93":{"start":{"line":161,"column":4},"end":{"line":161,"column":75}},"94":{"start":{"line":161,"column":18},"end":{"line":161,"column":75}},"95":{"start":{"line":162,"column":4},"end":{"line":162,"column":32}},"96":{"start":{"line":163,"column":4},"end":{"line":163,"column":27}},"97":{"start":{"line":164,"column":4},"end":{"line":164,"column":22}},"98":{"start":{"line":165,"column":4},"end":{"line":165,"column":36}},"99":{"start":{"line":166,"column":4},"end":{"line":166,"column":74}},"100":{"start":{"line":168,"column":4},"end":{"line":168,"column":49}},"101":{"start":{"line":169,"column":4},"end":{"line":169,"column":26}}},"fnMap":{"0":{"name":"(anonymous_0)","decl":{"start":{"line":8,"column":30},"end":{"line":8,"column":31}},"loc":{"start":{"line":8,"column":46},"end":{"line":15,"column":1}},"line":8},"1":{"name":"(anonymous_1)","decl":{"start":{"line":17,"column":19},"end":{"line":17,"column":20}},"loc":{"start":{"line":17,"column":39},"end":{"line":46,"column":1}},"line":17},"2":{"name":"(anonymous_2)","decl":{"start":{"line":48,"column":16},"end":{"line":48,"column":17}},"loc":{"start":{"line":48,"column":36},"end":{"line":89,"column":1}},"line":48},"3":{"name":"(anonymous_3)","decl":{"start":{"line":90,"column":17},"end":{"line":90,"column":18}},"loc":{"start":{"line":90,"column":37},"end":{"line":112,"column":1}},"line":90},"4":{"name":"(anonymous_4)","decl":{"start":{"line":114,"column":23},"end":{"line":114,"column":24}},"loc":{"start":{"line":114,"column":43},"end":{"line":145,"column":1}},"line":114},"5":{"name":"(anonymous_5)","decl":{"start":{"line":147,"column":25},"end":{"line":147,"column":26}},"loc":{"start":{"line":147,"column":45},"end":{"line":171,"column":1}},"line":147}},"branchMap":{"0":{"loc":{"start":{"line":20,"column":4},"end":{"line":27,"column":5}},"type":"if","locations":[{"start":{"line":20,"column":4},"end":{"line":27,"column":5}},{"start":{},"end":{}}],"line":20},"1":{"loc":{"start":{"line":20,"column":8},"end":{"line":20,"column":27}},"type":"binary-expr","locations":[{"start":{"line":20,"column":8},"end":{"line":20,"column":14}},{"start":{"line":20,"column":18},"end":{"line":20,"column":27}}],"line":20},"2":{"loc":{"start":{"line":31,"column":4},"end":{"line":38,"column":5}},"type":"if","locations":[{"start":{"line":31,"column":4},"end":{"line":38,"column":5}},{"start":{},"end":{}}],"line":31},"3":{"loc":{"start":{"line":32,"column":6},"end":{"line":34,"column":7}},"type":"if","locations":[{"start":{"line":32,"column":6},"end":{"line":34,"column":7}},{"start":{},"end":{}}],"line":32},"4":{"loc":{"start":{"line":35,"column":6},"end":{"line":37,"column":7}},"type":"if","locations":[{"start":{"line":35,"column":6},"end":{"line":37,"column":7}},{"start":{},"end":{}}],"line":35},"5":{"loc":{"start":{"line":51,"column":4},"end":{"line":58,"column":5}},"type":"if","locations":[{"start":{"line":51,"column":4},"end":{"line":58,"column":5}},{"start":{},"end":{}}],"line":51},"6":{"loc":{"start":{"line":51,"column":8},"end":{"line":51,"column":27}},"type":"binary-expr","locations":[{"start":{"line":51,"column":8},"end":{"line":51,"column":14}},{"start":{"line":51,"column":18},"end":{"line":51,"column":27}}],"line":51},"7":{"loc":{"start":{"line":61,"column":4},"end":{"line":61,"column":65}},"type":"if","locations":[{"start":{"line":61,"column":4},"end":{"line":61,"column":65}},{"start":{},"end":{}}],"line":61},"8":{"loc":{"start":{"line":64,"column":4},"end":{"line":66,"column":5}},"type":"if","locations":[{"start":{"line":64,"column":4},"end":{"line":66,"column":5}},{"start":{},"end":{}}],"line":64},"9":{"loc":{"start":{"line":69,"column":4},"end":{"line":72,"column":5}},"type":"if","locations":[{"start":{"line":69,"column":4},"end":{"line":72,"column":5}},{"start":{},"end":{}}],"line":69},"10":{"loc":{"start":{"line":93,"column":4},"end":{"line":93,"column":43}},"type":"if","locations":[{"start":{"line":93,"column":4},"end":{"line":93,"column":43}},{"start":{},"end":{}}],"line":93},"11":{"loc":{"start":{"line":102,"column":4},"end":{"line":105,"column":5}},"type":"if","locations":[{"start":{"line":102,"column":4},"end":{"line":105,"column":5}},{"start":{},"end":{}}],"line":102},"12":{"loc":{"start":{"line":116,"column":4},"end":{"line":118,"column":5}},"type":"if","locations":[{"start":{"line":116,"column":4},"end":{"line":118,"column":5}},{"start":{},"end":{}}],"line":116},"13":{"loc":{"start":{"line":116,"column":8},"end":{"line":116,"column":49}},"type":"binary-expr","locations":[{"start":{"line":116,"column":8},"end":{"line":116,"column":20}},{"start":{"line":116,"column":24},"end":{"line":116,"column":49}}],"line":116},"14":{"loc":{"start":{"line":127,"column":4},"end":{"line":129,"column":5}},"type":"if","locations":[{"start":{"line":127,"column":4},"end":{"line":129,"column":5}},{"start":{},"end":{}}],"line":127},"15":{"loc":{"start":{"line":127,"column":8},"end":{"line":127,"column":88}},"type":"binary-expr","locations":[{"start":{"line":127,"column":8},"end":{"line":127,"column":13}},{"start":{"line":127,"column":17},"end":{"line":127,"column":47}},{"start":{"line":127,"column":51},"end":{"line":127,"column":88}}],"line":127},"16":{"loc":{"start":{"line":150,"column":4},"end":{"line":157,"column":5}},"type":"if","locations":[{"start":{"line":150,"column":4},"end":{"line":157,"column":5}},{"start":{},"end":{}}],"line":150},"17":{"loc":{"start":{"line":150,"column":8},"end":{"line":150,"column":40}},"type":"binary-expr","locations":[{"start":{"line":150,"column":8},"end":{"line":150,"column":24}},{"start":{"line":150,"column":28},"end":{"line":150,"column":40}}],"line":150},"18":{"loc":{"start":{"line":159,"column":4},"end":{"line":159,"column":60}},"type":"if","locations":[{"start":{"line":159,"column":4},"end":{"line":159,"column":60}},{"start":{},"end":{}}],"line":159},"19":{"loc":{"start":{"line":161,"column":4},"end":{"line":161,"column":75}},"type":"if","locations":[{"start":{"line":161,"column":4},"end":{"line":161,"column":75}},{"start":{},"end":{}}],"line":161}},"s":{"0":2,"1":2,"2":2,"3":2,"4":2,"5":2,"6":2,"7":2,"8":2,"9":6,"10":6,"11":6,"12":0,"13":6,"14":6,"15":2,"16":2,"17":0,"18":0,"19":4,"20":4,"21":4,"22":0,"23":0,"24":2,"25":3,"26":3,"27":3,"28":0,"29":3,"30":3,"31":1,"32":2,"33":2,"34":0,"35":2,"36":2,"37":0,"38":0,"39":2,"40":2,"41":2,"42":2,"43":2,"44":2,"45":2,"46":0,"47":0,"48":2,"49":1,"50":1,"51":1,"52":0,"53":1,"54":1,"55":0,"56":0,"57":1,"58":1,"59":1,"60":1,"61":1,"62":1,"63":0,"64":0,"65":2,"66":0,"67":0,"68":0,"69":0,"70":0,"71":0,"72":0,"73":0,"74":0,"75":0,"76":0,"77":0,"78":0,"79":0,"80":0,"81":0,"82":0,"83":0,"84":2,"85":2,"86":2,"87":2,"88":0,"89":2,"90":2,"91":0,"92":2,"93":2,"94":1,"95":1,"96":1,"97":1,"98":1,"99":1,"100":0,"101":0},"f":{"0":2,"1":6,"2":3,"3":1,"4":0,"5":2},"b":{"0":[0,6],"1":[6,6],"2":[2,4],"3":[2,0],"4":[0,0],"5":[0,3],"6":[3,3],"7":[1,2],"8":[0,2],"9":[0,2],"10":[0,1],"11":[1,0],"12":[0,0],"13":[0,0],"14":[0,0],"15":[0,0,0],"16":[0,2],"17":[2,2],"18":[0,2],"19":[1,1]},"_coverageSchema":"1a1c01bbd47fc00a2c39e90264f33305004495a9","hash":"5932f030dfbb657fc6ae8f75436aeb7aaf4692f4"}
,"D:\\grow\\week9\\day4\\Admin\\admin.model.js": {"path":"D:\\grow\\week9\\day4\\Admin\\admin.model.js","statementMap":{"0":{"start":{"line":1,"column":17},"end":{"line":1,"column":36}},"1":{"start":{"line":2,"column":15},"end":{"line":2,"column":32}},"2":{"start":{"line":4,"column":19},"end":{"line":54,"column":1}},"3":{"start":{"line":56,"column":0},"end":{"line":63,"column":3}},"4":{"start":{"line":57,"column":2},"end":{"line":61,"column":3}},"5":{"start":{"line":58,"column":4},"end":{"line":58,"column":57}},"6":{"start":{"line":59,"column":4},"end":{"line":59,"column":40}},"7":{"start":{"line":60,"column":4},"end":{"line":60,"column":27}},"8":{"start":{"line":62,"column":2},"end":{"line":62,"column":9}},"9":{"start":{"line":66,"column":0},"end":{"line":66,"column":52}}},"fnMap":{"0":{"name":"(anonymous_0)","decl":{"start":{"line":56,"column":23},"end":{"line":56,"column":24}},"loc":{"start":{"line":56,"column":45},"end":{"line":63,"column":1}},"line":56}},"branchMap":{"0":{"loc":{"start":{"line":57,"column":2},"end":{"line":61,"column":3}},"type":"if","locations":[{"start":{"line":57,"column":2},"end":{"line":61,"column":3}},{"start":{},"end":{}}],"line":57}},"s":{"0":2,"1":2,"2":2,"3":2,"4":5,"5":3,"6":3,"7":3,"8":5,"9":2},"f":{"0":5},"b":{"0":[3,2]},"_coverageSchema":"1a1c01bbd47fc00a2c39e90264f33305004495a9","hash":"a35cae8ce0ef45e4665a92c5cd518ff61eb61e88"}
,"D:\\grow\\week9\\day4\\Admin\\admin.routes.js": {"path":"D:\\grow\\week9\\day4\\Admin\\admin.routes.js","statementMap":{"0":{"start":{"line":1,"column":16},"end":{"line":1,"column":34}},"1":{"start":{"line":2,"column":15},"end":{"line":2,"column":31}},"2":{"start":{"line":3,"column":23},"end":{"line":3,"column":52}},"3":{"start":{"line":4,"column":25},"end":{"line":4,"column":66}},"4":{"start":{"line":6,"column":0},"end":{"line":6,"column":50}},"5":{"start":{"line":7,"column":0},"end":{"line":7,"column":45}},"6":{"start":{"line":8,"column":0},"end":{"line":8,"column":60}},"7":{"start":{"line":9,"column":0},"end":{"line":9,"column":59}},"8":{"start":{"line":10,"column":0},"end":{"line":10,"column":77}},"9":{"start":{"line":12,"column":0},"end":{"line":12,"column":24}}},"fnMap":{},"branchMap":{},"s":{"0":1,"1":1,"2":1,"3":1,"4":1,"5":1,"6":1,"7":1,"8":1,"9":1},"f":{},"b":{},"_coverageSchema":"1a1c01bbd47fc00a2c39e90264f33305004495a9","hash":"e4ce6c86d978d4b215d274fec5289ef0fd662dd1"}
,"D:\\grow\\week9\\day4\\Admin\\authHelpers.js": {"path":"D:\\grow\\week9\\day4\\Admin\\authHelpers.js","statementMap":{"0":{"start":{"line":1,"column":15},"end":{"line":1,"column":32}},"1":{"start":{"line":2,"column":12},"end":{"line":2,"column":35}},"2":{"start":{"line":3,"column":15},"end":{"line":3,"column":34}},"3":{"start":{"line":5,"column":0},"end":{"line":18,"column":2}},"4":{"start":{"line":6,"column":2},"end":{"line":12,"column":3}},"5":{"start":{"line":7,"column":4},"end":{"line":7,"column":26}},"6":{"start":{"line":8,"column":4},"end":{"line":8,"column":26}},"7":{"start":{"line":9,"column":4},"end":{"line":9,"column":33}},"8":{"start":{"line":10,"column":4},"end":{"line":10,"column":22}},"9":{"start":{"line":11,"column":4},"end":{"line":11,"column":29}},"10":{"start":{"line":13,"column":2},"end":{"line":15,"column":3}},"11":{"start":{"line":14,"column":4},"end":{"line":14,"column":76}},"12":{"start":{"line":17,"column":2},"end":{"line":17,"column":27}},"13":{"start":{"line":21,"column":0},"end":{"line":28,"column":2}},"14":{"start":{"line":22,"column":2},"end":{"line":22,"column":32}},"15":{"start":{"line":23,"column":2},"end":{"line":26,"column":3}},"16":{"start":{"line":24,"column":4},"end":{"line":24,"column":25}},"17":{"start":{"line":25,"column":4},"end":{"line":25,"column":49}},"18":{"start":{"line":27,"column":2},"end":{"line":27,"column":20}},"19":{"start":{"line":30,"column":0},"end":{"line":35,"column":2}},"20":{"start":{"line":31,"column":2},"end":{"line":31,"column":31}},"21":{"start":{"line":32,"column":2},"end":{"line":32,"column":24}},"22":{"start":{"line":33,"column":2},"end":{"line":33,"column":24}},"23":{"start":{"line":34,"column":2},"end":{"line":34,"column":20}},"24":{"start":{"line":37,"column":0},"end":{"line":39,"column":2}},"25":{"start":{"line":38,"column":2},"end":{"line":38,"column":61}},"26":{"start":{"line":42,"column":0},"end":{"line":58,"column":2}},"27":{"start":{"line":43,"column":22},"end":{"line":43,"column":94}},"28":{"start":{"line":44,"column":23},"end":{"line":44,"column":130}},"29":{"start":{"line":46,"column":2},"end":{"line":46,"column":35}},"30":{"start":{"line":47,"column":2},"end":{"line":47,"column":20}},"31":{"start":{"line":49,"column":2},"end":{"line":49,"column":80}},"32":{"start":{"line":51,"column":2},"end":{"line":55,"column":5}},"33":{"start":{"line":57,"column":2},"end":{"line":57,"column":21}}},"fnMap":{"0":{"name":"(anonymous_0)","decl":{"start":{"line":5,"column":30},"end":{"line":5,"column":31}},"loc":{"start":{"line":5,"column":46},"end":{"line":18,"column":1}},"line":5},"1":{"name":"(anonymous_1)","decl":{"start":{"line":21,"column":28},"end":{"line":21,"column":29}},"loc":{"start":{"line":21,"column":44},"end":{"line":28,"column":1}},"line":21},"2":{"name":"(anonymous_2)","decl":{"start":{"line":30,"column":29},"end":{"line":30,"column":30}},"loc":{"start":{"line":30,"column":45},"end":{"line":35,"column":1}},"line":30},"3":{"name":"(anonymous_3)","decl":{"start":{"line":37,"column":26},"end":{"line":37,"column":27}},"loc":{"start":{"line":37,"column":67},"end":{"line":39,"column":1}},"line":37},"4":{"name":"(anonymous_4)","decl":{"start":{"line":42,"column":22},"end":{"line":42,"column":23}},"loc":{"start":{"line":42,"column":48},"end":{"line":58,"column":1}},"line":42}},"branchMap":{"0":{"loc":{"start":{"line":6,"column":2},"end":{"line":12,"column":3}},"type":"if","locations":[{"start":{"line":6,"column":2},"end":{"line":12,"column":3}},{"start":{},"end":{}}],"line":6},"1":{"loc":{"start":{"line":6,"column":6},"end":{"line":6,"column":51}},"type":"binary-expr","locations":[{"start":{"line":6,"column":6},"end":{"line":6,"column":19}},{"start":{"line":6,"column":23},"end":{"line":6,"column":51}}],"line":6},"2":{"loc":{"start":{"line":13,"column":2},"end":{"line":15,"column":3}},"type":"if","locations":[{"start":{"line":13,"column":2},"end":{"line":15,"column":3}},{"start":{},"end":{}}],"line":13},"3":{"loc":{"start":{"line":13,"column":6},"end":{"line":13,"column":50}},"type":"binary-expr","locations":[{"start":{"line":13,"column":6},"end":{"line":13,"column":19}},{"start":{"line":13,"column":23},"end":{"line":13,"column":50}}],"line":13},"4":{"loc":{"start":{"line":23,"column":2},"end":{"line":26,"column":3}},"type":"if","locations":[{"start":{"line":23,"column":2},"end":{"line":26,"column":3}},{"start":{},"end":{}}],"line":23}},"s":{"0":2,"1":2,"2":2,"3":2,"4":2,"5":0,"6":0,"7":0,"8":0,"9":0,"10":2,"11":0,"12":2,"13":2,"14":0,"15":0,"16":0,"17":0,"18":0,"19":2,"20":2,"21":2,"22":2,"23":2,"24":2,"25":2,"26":2,"27":0,"28":0,"29":0,"30":0,"31":0,"32":0,"33":0},"f":{"0":2,"1":0,"2":2,"3":2,"4":0},"b":{"0":[0,2],"1":[2,0],"2":[0,2],"3":[2,0],"4":[0,0]},"_coverageSchema":"1a1c01bbd47fc00a2c39e90264f33305004495a9","hash":"cb1f4c232140f243ba43a4a3f2a5c69241fd86a9"}
,"D:\\grow\\week9\\day4\\Employee\\employee.controller.js": {"path":"D:\\grow\\week9\\day4\\Employee\\employee.controller.js","statementMap":{"0":{"start":{"line":1,"column":17},"end":{"line":1,"column":36}},"1":{"start":{"line":2,"column":17},"end":{"line":2,"column":44}},"2":{"start":{"line":3,"column":16},"end":{"line":3,"column":51}},"3":{"start":{"line":4,"column":17},"end":{"line":4,"column":53}},"4":{"start":{"line":5,"column":22},"end":{"line":5,"column":55}},"5":{"start":{"line":7,"column":0},"end":{"line":25,"column":2}},"6":{"start":{"line":8,"column":2},"end":{"line":24,"column":3}},"7":{"start":{"line":9,"column":78},"end":{"line":9,"column":87}},"8":{"start":{"line":10,"column":18},"end":{"line":10,"column":20}},"9":{"start":{"line":11,"column":4},"end":{"line":13,"column":5}},"10":{"start":{"line":12,"column":6},"end":{"line":12,"column":57}},"11":{"start":{"line":14,"column":17},"end":{"line":14,"column":45}},"12":{"start":{"line":15,"column":22},"end":{"line":19,"column":39}},"13":{"start":{"line":21,"column":4},"end":{"line":21,"column":36}},"14":{"start":{"line":23,"column":4},"end":{"line":23,"column":37}},"15":{"start":{"line":27,"column":0},"end":{"line":60,"column":2}},"16":{"start":{"line":28,"column":2},"end":{"line":59,"column":3}},"17":{"start":{"line":32,"column":8},"end":{"line":32,"column":16}},"18":{"start":{"line":33,"column":4},"end":{"line":35,"column":5}},"19":{"start":{"line":34,"column":6},"end":{"line":34,"column":90}},"20":{"start":{"line":36,"column":21},"end":{"line":36,"column":54}},"21":{"start":{"line":37,"column":4},"end":{"line":37,"column":87}},"22":{"start":{"line":37,"column":18},"end":{"line":37,"column":87}},"23":{"start":{"line":38,"column":21},"end":{"line":40,"column":6}},"24":{"start":{"line":41,"column":4},"end":{"line":47,"column":7}},"25":{"start":{"line":48,"column":4},"end":{"line":56,"column":7}},"26":{"start":{"line":58,"column":4},"end":{"line":58,"column":37}},"27":{"start":{"line":62,"column":0},"end":{"line":91,"column":2}},"28":{"start":{"line":63,"column":20},"end":{"line":63,"column":28}},"29":{"start":{"line":64,"column":18},"end":{"line":64,"column":47}},"30":{"start":{"line":65,"column":2},"end":{"line":65,"column":29}},"31":{"start":{"line":66,"column":2},"end":{"line":90,"column":3}},"32":{"start":{"line":67,"column":4},"end":{"line":82,"column":5}},"33":{"start":{"line":68,"column":36},"end":{"line":68,"column":40}},"34":{"start":{"line":69,"column":25},"end":{"line":69,"column":71}},"35":{"start":{"line":70,"column":6},"end":{"line":70,"column":45}},"36":{"start":{"line":71,"column":6},"end":{"line":73,"column":7}},"37":{"start":{"line":72,"column":8},"end":{"line":72,"column":53}},"38":{"start":{"line":74,"column":6},"end":{"line":74,"column":51}},"39":{"start":{"line":75,"column":6},"end":{"line":81,"column":23}},"40":{"start":{"line":83,"column":4},"end":{"line":83,"column":38}},"41":{"start":{"line":84,"column":4},"end":{"line":84,"column":64}},"42":{"start":{"line":86,"column":4},"end":{"line":86,"column":37}},"43":{"start":{"line":87,"column":4},"end":{"line":87,"column":80}},"44":{"start":{"line":89,"column":4},"end":{"line":89,"column":25}},"45":{"start":{"line":93,"column":0},"end":{"line":110,"column":2}},"46":{"start":{"line":94,"column":2},"end":{"line":109,"column":3}},"47":{"start":{"line":95,"column":23},"end":{"line":95,"column":54}},"48":{"start":{"line":96,"column":24},"end":{"line":98,"column":6}},"49":{"start":{"line":99,"column":22},"end":{"line":101,"column":6}},"50":{"start":{"line":102,"column":4},"end":{"line":106,"column":7}},"51":{"start":{"line":108,"column":4},"end":{"line":108,"column":37}},"52":{"start":{"line":112,"column":0},"end":{"line":137,"column":2}},"53":{"start":{"line":113,"column":2},"end":{"line":136,"column":3}},"54":{"start":{"line":114,"column":18},"end":{"line":132,"column":6}},"55":{"start":{"line":133,"column":4},"end":{"line":133,"column":20}},"56":{"start":{"line":135,"column":4},"end":{"line":135,"column":37}},"57":{"start":{"line":139,"column":0},"end":{"line":147,"column":2}},"58":{"start":{"line":140,"column":2},"end":{"line":146,"column":3}},"59":{"start":{"line":141,"column":22},"end":{"line":141,"column":61}},"60":{"start":{"line":142,"column":19},"end":{"line":142,"column":50}},"61":{"start":{"line":143,"column":4},"end":{"line":143,"column":36}},"62":{"start":{"line":145,"column":4},"end":{"line":145,"column":37}},"63":{"start":{"line":149,"column":0},"end":{"line":157,"column":2}},"64":{"start":{"line":150,"column":2},"end":{"line":156,"column":3}},"65":{"start":{"line":151,"column":21},"end":{"line":151,"column":92}},"66":{"start":{"line":152,"column":4},"end":{"line":152,"column":82}},"67":{"start":{"line":152,"column":19},"end":{"line":152,"column":82}},"68":{"start":{"line":153,"column":4},"end":{"line":153,"column":35}},"69":{"start":{"line":155,"column":4},"end":{"line":155,"column":37}},"70":{"start":{"line":159,"column":0},"end":{"line":177,"column":2}},"71":{"start":{"line":160,"column":2},"end":{"line":176,"column":3}},"72":{"start":{"line":161,"column":20},"end":{"line":164,"column":6}},"73":{"start":{"line":165,"column":4},"end":{"line":165,"column":81}},"74":{"start":{"line":165,"column":18},"end":{"line":165,"column":81}},"75":{"start":{"line":166,"column":4},"end":{"line":172,"column":7}},"76":{"start":{"line":173,"column":4},"end":{"line":173,"column":34}},"77":{"start":{"line":175,"column":4},"end":{"line":175,"column":37}},"78":{"start":{"line":179,"column":0},"end":{"line":194,"column":2}},"79":{"start":{"line":180,"column":2},"end":{"line":193,"column":3}},"80":{"start":{"line":181,"column":20},"end":{"line":181,"column":67}},"81":{"start":{"line":182,"column":4},"end":{"line":182,"column":81}},"82":{"start":{"line":182,"column":18},"end":{"line":182,"column":81}},"83":{"start":{"line":183,"column":4},"end":{"line":189,"column":7}},"84":{"start":{"line":190,"column":4},"end":{"line":190,"column":58}},"85":{"start":{"line":192,"column":4},"end":{"line":192,"column":37}}},"fnMap":{"0":{"name":"(anonymous_0)","decl":{"start":{"line":7,"column":26},"end":{"line":7,"column":27}},"loc":{"start":{"line":7,"column":46},"end":{"line":25,"column":1}},"line":7},"1":{"name":"(anonymous_1)","decl":{"start":{"line":27,"column":25},"end":{"line":27,"column":26}},"loc":{"start":{"line":27,"column":45},"end":{"line":60,"column":1}},"line":27},"2":{"name":"(anonymous_2)","decl":{"start":{"line":62,"column":30},"end":{"line":62,"column":31}},"loc":{"start":{"line":62,"column":50},"end":{"line":91,"column":1}},"line":62},"3":{"name":"(anonymous_3)","decl":{"start":{"line":93,"column":32},"end":{"line":93,"column":33}},"loc":{"start":{"line":93,"column":52},"end":{"line":110,"column":1}},"line":93},"4":{"name":"(anonymous_4)","decl":{"start":{"line":112,"column":37},"end":{"line":112,"column":38}},"loc":{"start":{"line":112,"column":57},"end":{"line":137,"column":1}},"line":112},"5":{"name":"(anonymous_5)","decl":{"start":{"line":139,"column":23},"end":{"line":139,"column":24}},"loc":{"start":{"line":139,"column":43},"end":{"line":147,"column":1}},"line":139},"6":{"name":"(anonymous_6)","decl":{"start":{"line":149,"column":26},"end":{"line":149,"column":27}},"loc":{"start":{"line":149,"column":46},"end":{"line":157,"column":1}},"line":149},"7":{"name":"(anonymous_7)","decl":{"start":{"line":159,"column":25},"end":{"line":159,"column":26}},"loc":{"start":{"line":159,"column":45},"end":{"line":177,"column":1}},"line":159},"8":{"name":"(anonymous_8)","decl":{"start":{"line":179,"column":25},"end":{"line":179,"column":26}},"loc":{"start":{"line":179,"column":45},"end":{"line":194,"column":1}},"line":179}},"branchMap":{"0":{"loc":{"start":{"line":9,"column":18},"end":{"line":9,"column":36}},"type":"default-arg","locations":[{"start":{"line":9,"column":25},"end":{"line":9,"column":36}}],"line":9},"1":{"loc":{"start":{"line":9,"column":38},"end":{"line":9,"column":51}},"type":"default-arg","locations":[{"start":{"line":9,"column":46},"end":{"line":9,"column":51}}],"line":9},"2":{"loc":{"start":{"line":9,"column":53},"end":{"line":9,"column":61}},"type":"default-arg","locations":[{"start":{"line":9,"column":60},"end":{"line":9,"column":61}}],"line":9},"3":{"loc":{"start":{"line":9,"column":63},"end":{"line":9,"column":73}},"type":"default-arg","locations":[{"start":{"line":9,"column":71},"end":{"line":9,"column":73}}],"line":9},"4":{"loc":{"start":{"line":11,"column":4},"end":{"line":13,"column":5}},"type":"if","locations":[{"start":{"line":11,"column":4},"end":{"line":13,"column":5}},{"start":{},"end":{}}],"line":11},"5":{"loc":{"start":{"line":16,"column":22},"end":{"line":16,"column":47}},"type":"cond-expr","locations":[{"start":{"line":16,"column":41},"end":{"line":16,"column":43}},{"start":{"line":16,"column":46},"end":{"line":16,"column":47}}],"line":16},"6":{"loc":{"start":{"line":31,"column":6},"end":{"line":31,"column":23}},"type":"default-arg","locations":[{"start":{"line":31,"column":13},"end":{"line":31,"column":23}}],"line":31},"7":{"loc":{"start":{"line":33,"column":4},"end":{"line":35,"column":5}},"type":"if","locations":[{"start":{"line":33,"column":4},"end":{"line":35,"column":5}},{"start":{},"end":{}}],"line":33},"8":{"loc":{"start":{"line":33,"column":8},"end":{"line":33,"column":43}},"type":"binary-expr","locations":[{"start":{"line":33,"column":8},"end":{"line":33,"column":26}},{"start":{"line":33,"column":30},"end":{"line":33,"column":43}}],"line":33},"9":{"loc":{"start":{"line":37,"column":4},"end":{"line":37,"column":87}},"type":"if","locations":[{"start":{"line":37,"column":4},"end":{"line":37,"column":87}},{"start":{},"end":{}}],"line":37},"10":{"loc":{"start":{"line":45,"column":12},"end":{"line":45,"column":38}},"type":"binary-expr","locations":[{"start":{"line":45,"column":12},"end":{"line":45,"column":26}},{"start":{"line":45,"column":30},"end":{"line":45,"column":38}}],"line":45},"11":{"loc":{"start":{"line":71,"column":6},"end":{"line":73,"column":7}},"type":"if","locations":[{"start":{"line":71,"column":6},"end":{"line":73,"column":7}},{"start":{},"end":{}}],"line":71},"12":{"loc":{"start":{"line":79,"column":14},"end":{"line":79,"column":40}},"type":"binary-expr","locations":[{"start":{"line":79,"column":14},"end":{"line":79,"column":28}},{"start":{"line":79,"column":32},"end":{"line":79,"column":40}}],"line":79},"13":{"loc":{"start":{"line":105,"column":21},"end":{"line":105,"column":53}},"type":"binary-expr","locations":[{"start":{"line":105,"column":21},"end":{"line":105,"column":48}},{"start":{"line":105,"column":52},"end":{"line":105,"column":53}}],"line":105},"14":{"loc":{"start":{"line":152,"column":4},"end":{"line":152,"column":82}},"type":"if","locations":[{"start":{"line":152,"column":4},"end":{"line":152,"column":82}},{"start":{},"end":{}}],"line":152},"15":{"loc":{"start":{"line":165,"column":4},"end":{"line":165,"column":81}},"type":"if","locations":[{"start":{"line":165,"column":4},"end":{"line":165,"column":81}},{"start":{},"end":{}}],"line":165},"16":{"loc":{"start":{"line":170,"column":12},"end":{"line":170,"column":38}},"type":"binary-expr","locations":[{"start":{"line":170,"column":12},"end":{"line":170,"column":26}},{"start":{"line":170,"column":30},"end":{"line":170,"column":38}}],"line":170},"17":{"loc":{"start":{"line":182,"column":4},"end":{"line":182,"column":81}},"type":"if","locations":[{"start":{"line":182,"column":4},"end":{"line":182,"column":81}},{"start":{},"end":{}}],"line":182},"18":{"loc":{"start":{"line":187,"column":12},"end":{"line":187,"column":38}},"type":"binary-expr","locations":[{"start":{"line":187,"column":12},"end":{"line":187,"column":26}},{"start":{"line":187,"column":30},"end":{"line":187,"column":38}}],"line":187}},"s":{"0":1,"1":1,"2":1,"3":1,"4":1,"5":1,"6":0,"7":0,"8":0,"9":0,"10":0,"11":0,"12":0,"13":0,"14":0,"15":1,"16":0,"17":0,"18":0,"19":0,"20":0,"21":0,"22":0,"23":0,"24":0,"25":0,"26":0,"27":1,"28":0,"29":0,"30":0,"31":0,"32":0,"33":0,"34":0,"35":0,"36":0,"37":0,"38":0,"39":0,"40":0,"41":0,"42":0,"43":0,"44":0,"45":1,"46":0,"47":0,"48":0,"49":0,"50":0,"51":0,"52":1,"53":0,"54":0,"55":0,"56":0,"57":1,"58":0,"59":0,"60":0,"61":0,"62":0,"63":1,"64":0,"65":0,"66":0,"67":0,"68":0,"69":0,"70":1,"71":0,"72":0,"73":0,"74":0,"75":0,"76":0,"77":0,"78":1,"79":0,"80":0,"81":0,"82":0,"83":0,"84":0,"85":0},"f":{"0":0,"1":0,"2":0,"3":0,"4":0,"5":0,"6":0,"7":0,"8":0},"b":{"0":[0],"1":[0],"2":[0],"3":[0],"4":[0,0],"5":[0,0],"6":[0],"7":[0,0],"8":[0,0],"9":[0,0],"10":[0,0],"11":[0,0],"12":[0,0],"13":[0,0],"14":[0,0],"15":[0,0],"16":[0,0],"17":[0,0],"18":[0,0]},"_coverageSchema":"1a1c01bbd47fc00a2c39e90264f33305004495a9","hash":"24d19aeda7ff60e4d5df3bb2088d68c87de08d56"}
,"D:\\grow\\week9\\day4\\Employee\\employee.model.js": {"path":"D:\\grow\\week9\\day4\\Employee\\employee.model.js","statementMap":{"0":{"start":{"line":1,"column":17},"end":{"line":1,"column":36}},"1":{"start":{"line":2,"column":15},"end":{"line":2,"column":32}},"2":{"start":{"line":4,"column":23},"end":{"line":60,"column":2}},"3":{"start":{"line":26,"column":22},"end":{"line":26,"column":40}},"4":{"start":{"line":44,"column":6},"end":{"line":44,"column":37}},"5":{"start":{"line":55,"column":16},"end":{"line":55,"column":48}},"6":{"start":{"line":62,"column":0},"end":{"line":67,"column":3}},"7":{"start":{"line":69,"column":0},"end":{"line":71,"column":3}},"8":{"start":{"line":70,"column":2},"end":{"line":70,"column":32}},"9":{"start":{"line":73,"column":0},"end":{"line":77,"column":2}},"10":{"start":{"line":74,"column":14},"end":{"line":74,"column":29}},"11":{"start":{"line":75,"column":2},"end":{"line":75,"column":22}},"12":{"start":{"line":76,"column":2},"end":{"line":76,"column":13}},"13":{"start":{"line":79,"column":0},"end":{"line":87,"column":3}},"14":{"start":{"line":80,"column":2},"end":{"line":80,"column":50}},"15":{"start":{"line":80,"column":36},"end":{"line":80,"column":50}},"16":{"start":{"line":81,"column":2},"end":{"line":86,"column":3}},"17":{"start":{"line":82,"column":4},"end":{"line":82,"column":57}},"18":{"start":{"line":83,"column":4},"end":{"line":83,"column":11}},"19":{"start":{"line":85,"column":4},"end":{"line":85,"column":14}},"20":{"start":{"line":89,"column":0},"end":{"line":89,"column":60}}},"fnMap":{"0":{"name":"(anonymous_0)","decl":{"start":{"line":26,"column":17},"end":{"line":26,"column":18}},"loc":{"start":{"line":26,"column":22},"end":{"line":26,"column":40}},"line":26},"1":{"name":"(anonymous_1)","decl":{"start":{"line":43,"column":14},"end":{"line":43,"column":15}},"loc":{"start":{"line":43,"column":26},"end":{"line":45,"column":5}},"line":43},"2":{"name":"(anonymous_2)","decl":{"start":{"line":55,"column":9},"end":{"line":55,"column":10}},"loc":{"start":{"line":55,"column":16},"end":{"line":55,"column":48}},"line":55},"3":{"name":"(anonymous_3)","decl":{"start":{"line":69,"column":43},"end":{"line":69,"column":44}},"loc":{"start":{"line":69,"column":55},"end":{"line":71,"column":1}},"line":69},"4":{"name":"(anonymous_4)","decl":{"start":{"line":73,"column":32},"end":{"line":73,"column":33}},"loc":{"start":{"line":73,"column":44},"end":{"line":77,"column":1}},"line":73},"5":{"name":"(anonymous_5)","decl":{"start":{"line":79,"column":27},"end":{"line":79,"column":28}},"loc":{"start":{"line":79,"column":49},"end":{"line":87,"column":1}},"line":79}},"branchMap":{"0":{"loc":{"start":{"line":80,"column":2},"end":{"line":80,"column":50}},"type":"if","locations":[{"start":{"line":80,"column":2},"end":{"line":80,"column":50}},{"start":{},"end":{}}],"line":80}},"s":{"0":2,"1":2,"2":2,"3":1,"4":1,"5":0,"6":2,"7":2,"8":0,"9":2,"10":0,"11":0,"12":0,"13":2,"14":1,"15":0,"16":1,"17":1,"18":1,"19":0,"20":2},"f":{"0":1,"1":1,"2":0,"3":0,"4":0,"5":1},"b":{"0":[0,1]},"_coverageSchema":"1a1c01bbd47fc00a2c39e90264f33305004495a9","hash":"44c53eb661e03195b600274e8ae6715e15160d9c"}
,"D:\\grow\\week9\\day4\\Employee\\employee.routes.js": {"path":"D:\\grow\\week9\\day4\\Employee\\employee.routes.js","statementMap":{"0":{"start":{"line":1,"column":16},"end":{"line":1,"column":34}},"1":{"start":{"line":2,"column":15},"end":{"line":2,"column":31}},"2":{"start":{"line":12,"column":18},"end":{"line":12,"column":50}},"3":{"start":{"line":13,"column":25},"end":{"line":13,"column":66}},"4":{"start":{"line":14,"column":13},"end":{"line":14,"column":54}},"5":{"start":{"line":16,"column":0},"end":{"line":16,"column":42}},"6":{"start":{"line":18,"column":0},"end":{"line":18,"column":62}},"7":{"start":{"line":19,"column":0},"end":{"line":19,"column":53}},"8":{"start":{"line":20,"column":0},"end":{"line":20,"column":41}},"9":{"start":{"line":21,"column":0},"end":{"line":21,"column":33}},"10":{"start":{"line":23,"column":0},"end":{"line":23,"column":33}},"11":{"start":{"line":24,"column":0},"end":{"line":24,"column":42}},"12":{"start":{"line":25,"column":0},"end":{"line":25,"column":36}},"13":{"start":{"line":26,"column":0},"end":{"line":26,"column":35}},"14":{"start":{"line":27,"column":0},"end":{"line":27,"column":38}},"15":{"start":{"line":30,"column":0},"end":{"line":30,"column":24}}},"fnMap":{},"branchMap":{},"s":{"0":1,"1":1,"2":1,"3":1,"4":1,"5":1,"6":1,"7":1,"8":1,"9":1,"10":1,"11":1,"12":1,"13":1,"14":1,"15":1},"f":{},"b":{},"_coverageSchema":"1a1c01bbd47fc00a2c39e90264f33305004495a9","hash":"766e2745fccb2bc0afab6e3c5e0b37d8e33b9327"}
,"D:\\grow\\week9\\day4\\Payroll\\payroll.controller.js": {"path":"D:\\grow\\week9\\day4\\Payroll\\payroll.controller.js","statementMap":{"0":{"start":{"line":1,"column":16},"end":{"line":1,"column":42}},"1":{"start":{"line":2,"column":37},"end":{"line":2,"column":64}},"2":{"start":{"line":4,"column":0},"end":{"line":12,"column":2}},"3":{"start":{"line":5,"column":52},"end":{"line":5,"column":60}},"4":{"start":{"line":6,"column":2},"end":{"line":11,"column":3}},"5":{"start":{"line":7,"column":20},"end":{"line":7,"column":89}},"6":{"start":{"line":8,"column":4},"end":{"line":8,"column":79}},"7":{"start":{"line":10,"column":4},"end":{"line":10,"column":51}},"8":{"start":{"line":13,"column":0},"end":{"line":20,"column":2}},"9":{"start":{"line":14,"column":2},"end":{"line":19,"column":3}},"10":{"start":{"line":15,"column":21},"end":{"line":15,"column":70}},"11":{"start":{"line":16,"column":4},"end":{"line":16,"column":35}},"12":{"start":{"line":18,"column":4},"end":{"line":18,"column":51}},"13":{"start":{"line":21,"column":0},"end":{"line":56,"column":2}},"14":{"start":{"line":22,"column":2},"end":{"line":55,"column":3}},"15":{"start":{"line":23,"column":37},"end":{"line":23,"column":46}},"16":{"start":{"line":24,"column":17},"end":{"line":24,"column":45}},"17":{"start":{"line":25,"column":19},"end":{"line":50,"column":6}},"18":{"start":{"line":52,"column":4},"end":{"line":52,"column":21}},"19":{"start":{"line":54,"column":4},"end":{"line":54,"column":51}},"20":{"start":{"line":57,"column":0},"end":{"line":67,"column":2}},"21":{"start":{"line":58,"column":2},"end":{"line":66,"column":3}},"22":{"start":{"line":59,"column":20},"end":{"line":59,"column":104}},"23":{"start":{"line":60,"column":4},"end":{"line":62,"column":5}},"24":{"start":{"line":61,"column":6},"end":{"line":61,"column":68}},"25":{"start":{"line":63,"column":4},"end":{"line":63,"column":34}},"26":{"start":{"line":65,"column":4},"end":{"line":65,"column":51}},"27":{"start":{"line":68,"column":0},"end":{"line":78,"column":2}},"28":{"start":{"line":69,"column":2},"end":{"line":77,"column":3}},"29":{"start":{"line":70,"column":20},"end":{"line":70,"column":66}},"30":{"start":{"line":71,"column":4},"end":{"line":73,"column":5}},"31":{"start":{"line":72,"column":6},"end":{"line":72,"column":68}},"32":{"start":{"line":74,"column":4},"end":{"line":74,"column":70}},"33":{"start":{"line":76,"column":4},"end":{"line":76,"column":51}},"34":{"start":{"line":79,"column":0},"end":{"line":100,"column":2}},"35":{"start":{"line":80,"column":38},"end":{"line":80,"column":46}},"36":{"start":{"line":81,"column":2},"end":{"line":81,"column":31}},"37":{"start":{"line":82,"column":2},"end":{"line":82,"column":29}},"38":{"start":{"line":83,"column":2},"end":{"line":83,"column":39}},"39":{"start":{"line":84,"column":19},"end":{"line":84,"column":33}},"40":{"start":{"line":85,"column":17},"end":{"line":85,"column":38}},"41":{"start":{"line":86,"column":2},"end":{"line":99,"column":3}},"42":{"start":{"line":87,"column":26},"end":{"line":87,"column":70}},"43":{"start":{"line":88,"column":4},"end":{"line":88,"column":86}},"44":{"start":{"line":88,"column":24},"end":{"line":88,"column":86}},"45":{"start":{"line":89,"column":4},"end":{"line":89,"column":31}},"46":{"start":{"line":90,"column":20},"end":{"line":94,"column":5}},"47":{"start":{"line":95,"column":4},"end":{"line":95,"column":79}},"48":{"start":{"line":97,"column":4},"end":{"line":97,"column":48}},"49":{"start":{"line":98,"column":4},"end":{"line":98,"column":51}},"50":{"start":{"line":103,"column":0},"end":{"line":110,"column":1}},"51":{"start":{"line":104,"column":2},"end":{"line":109,"column":3}},"52":{"start":{"line":105,"column":21},"end":{"line":105,"column":88}},"53":{"start":{"line":106,"column":4},"end":{"line":106,"column":35}},"54":{"start":{"line":108,"column":4},"end":{"line":108,"column":51}}},"fnMap":{"0":{"name":"(anonymous_0)","decl":{"start":{"line":4,"column":24},"end":{"line":4,"column":25}},"loc":{"start":{"line":4,"column":44},"end":{"line":12,"column":1}},"line":4},"1":{"name":"(anonymous_1)","decl":{"start":{"line":13,"column":32},"end":{"line":13,"column":33}},"loc":{"start":{"line":13,"column":52},"end":{"line":20,"column":1}},"line":13},"2":{"name":"(anonymous_2)","decl":{"start":{"line":21,"column":37},"end":{"line":21,"column":38}},"loc":{"start":{"line":21,"column":57},"end":{"line":56,"column":1}},"line":21},"3":{"name":"(anonymous_3)","decl":{"start":{"line":57,"column":25},"end":{"line":57,"column":26}},"loc":{"start":{"line":57,"column":45},"end":{"line":67,"column":1}},"line":57},"4":{"name":"(anonymous_4)","decl":{"start":{"line":68,"column":24},"end":{"line":68,"column":25}},"loc":{"start":{"line":68,"column":44},"end":{"line":78,"column":1}},"line":68},"5":{"name":"(anonymous_5)","decl":{"start":{"line":79,"column":24},"end":{"line":79,"column":25}},"loc":{"start":{"line":79,"column":44},"end":{"line":100,"column":1}},"line":79},"6":{"name":"(anonymous_6)","decl":{"start":{"line":103,"column":25},"end":{"line":103,"column":26}},"loc":{"start":{"line":103,"column":45},"end":{"line":110,"column":1}},"line":103}},"branchMap":{"0":{"loc":{"start":{"line":23,"column":12},"end":{"line":23,"column":20}},"type":"default-arg","locations":[{"start":{"line":23,"column":19},"end":{"line":23,"column":20}}],"line":23},"1":{"loc":{"start":{"line":23,"column":22},"end":{"line":23,"column":32}},"type":"default-arg","locations":[{"start":{"line":23,"column":30},"end":{"line":23,"column":32}}],"line":23},"2":{"loc":{"start":{"line":60,"column":4},"end":{"line":62,"column":5}},"type":"if","locations":[{"start":{"line":60,"column":4},"end":{"line":62,"column":5}},{"start":{},"end":{}}],"line":60},"3":{"loc":{"start":{"line":71,"column":4},"end":{"line":73,"column":5}},"type":"if","locations":[{"start":{"line":71,"column":4},"end":{"line":73,"column":5}},{"start":{},"end":{}}],"line":71},"4":{"loc":{"start":{"line":81,"column":11},"end":{"line":81,"column":30}},"type":"binary-expr","locations":[{"start":{"line":81,"column":11},"end":{"line":81,"column":25}},{"start":{"line":81,"column":29},"end":{"line":81,"column":30}}],"line":81},"5":{"loc":{"start":{"line":82,"column":10},"end":{"line":82,"column":28}},"type":"binary-expr","locations":[{"start":{"line":82,"column":10},"end":{"line":82,"column":23}},{"start":{"line":82,"column":27},"end":{"line":82,"column":28}}],"line":82},"6":{"loc":{"start":{"line":83,"column":15},"end":{"line":83,"column":38}},"type":"binary-expr","locations":[{"start":{"line":83,"column":15},"end":{"line":83,"column":33}},{"start":{"line":83,"column":37},"end":{"line":83,"column":38}}],"line":83},"7":{"loc":{"start":{"line":88,"column":4},"end":{"line":88,"column":86}},"type":"if","locations":[{"start":{"line":88,"column":4},"end":{"line":88,"column":86}},{"start":{},"end":{}}],"line":88}},"s":{"0":1,"1":1,"2":1,"3":0,"4":0,"5":0,"6":0,"7":0,"8":1,"9":0,"10":0,"11":0,"12":0,"13":1,"14":0,"15":0,"16":0,"17":0,"18":0,"19":0,"20":1,"21":0,"22":0,"23":0,"24":0,"25":0,"26":0,"27":1,"28":0,"29":0,"30":0,"31":0,"32":0,"33":0,"34":1,"35":0,"36":0,"37":0,"38":0,"39":0,"40":0,"41":0,"42":0,"43":0,"44":0,"45":0,"46":0,"47":0,"48":0,"49":0,"50":1,"51":0,"52":0,"53":0,"54":0},"f":{"0":0,"1":0,"2":0,"3":0,"4":0,"5":0,"6":0},"b":{"0":[0],"1":[0],"2":[0,0],"3":[0,0],"4":[0,0],"5":[0,0],"6":[0,0],"7":[0,0]},"_coverageSchema":"1a1c01bbd47fc00a2c39e90264f33305004495a9","hash":"6cb80cd8da14fbd3fc4c2c66b71cbddae24c3ebb"}
,"D:\\grow\\week9\\day4\\Payroll\\payroll.model.js": {"path":"D:\\grow\\week9\\day4\\Payroll\\payroll.model.js","statementMap":{"0":{"start":{"line":1,"column":17},"end":{"line":1,"column":36}},"1":{"start":{"line":3,"column":22},"end":{"line":30,"column":2}},"2":{"start":{"line":32,"column":0},"end":{"line":43,"column":3}},"3":{"start":{"line":33,"column":16},"end":{"line":33,"column":40}},"4":{"start":{"line":34,"column":14},"end":{"line":34,"column":37}},"5":{"start":{"line":36,"column":2},"end":{"line":38,"column":3}},"6":{"start":{"line":37,"column":4},"end":{"line":37,"column":71}},"7":{"start":{"line":40,"column":2},"end":{"line":40,"column":24}},"8":{"start":{"line":41,"column":2},"end":{"line":41,"column":20}},"9":{"start":{"line":42,"column":2},"end":{"line":42,"column":9}},"10":{"start":{"line":45,"column":0},"end":{"line":45,"column":39}},"11":{"start":{"line":47,"column":0},"end":{"line":47,"column":58}}},"fnMap":{"0":{"name":"(anonymous_0)","decl":{"start":{"line":32,"column":26},"end":{"line":32,"column":27}},"loc":{"start":{"line":32,"column":42},"end":{"line":43,"column":1}},"line":32}},"branchMap":{"0":{"loc":{"start":{"line":36,"column":2},"end":{"line":38,"column":3}},"type":"if","locations":[{"start":{"line":36,"column":2},"end":{"line":38,"column":3}},{"start":{},"end":{}}],"line":36}},"s":{"0":2,"1":2,"2":2,"3":1,"4":1,"5":1,"6":0,"7":1,"8":1,"9":1,"10":2,"11":2},"f":{"0":1},"b":{"0":[0,1]},"_coverageSchema":"1a1c01bbd47fc00a2c39e90264f33305004495a9","hash":"4f085f23bbd41005424f849094d4863dc29e218f"}
,"D:\\grow\\week9\\day4\\Payroll\\payroll.routes.js": {"path":"D:\\grow\\week9\\day4\\Payroll\\payroll.routes.js","statementMap":{"0":{"start":{"line":1,"column":16},"end":{"line":1,"column":34}},"1":{"start":{"line":2,"column":15},"end":{"line":2,"column":31}},"2":{"start":{"line":11,"column":4},"end":{"line":11,"column":35}},"3":{"start":{"line":13,"column":16},"end":{"line":13,"column":42}},"4":{"start":{"line":14,"column":25},"end":{"line":14,"column":66}},"5":{"start":{"line":15,"column":13},"end":{"line":15,"column":54}},"6":{"start":{"line":16,"column":24},"end":{"line":16,"column":66}},"7":{"start":{"line":18,"column":0},"end":{"line":18,"column":53}},"8":{"start":{"line":20,"column":0},"end":{"line":23,"column":3}},"9":{"start":{"line":21,"column":2},"end":{"line":21,"column":22}},"10":{"start":{"line":22,"column":2},"end":{"line":22,"column":9}},"11":{"start":{"line":25,"column":0},"end":{"line":25,"column":32}},"12":{"start":{"line":26,"column":0},"end":{"line":26,"column":51}},"13":{"start":{"line":27,"column":0},"end":{"line":27,"column":57}},"14":{"start":{"line":28,"column":0},"end":{"line":28,"column":35}},"15":{"start":{"line":29,"column":0},"end":{"line":29,"column":54}},"16":{"start":{"line":30,"column":0},"end":{"line":30,"column":49}},"17":{"start":{"line":31,"column":0},"end":{"line":31,"column":31}},"18":{"start":{"line":33,"column":0},"end":{"line":33,"column":24}}},"fnMap":{"0":{"name":"(anonymous_0)","decl":{"start":{"line":20,"column":11},"end":{"line":20,"column":12}},"loc":{"start":{"line":20,"column":31},"end":{"line":23,"column":1}},"line":20}},"branchMap":{},"s":{"0":1,"1":1,"2":1,"3":1,"4":1,"5":1,"6":1,"7":1,"8":1,"9":0,"10":0,"11":1,"12":1,"13":1,"14":1,"15":1,"16":1,"17":1,"18":1},"f":{"0":0},"b":{},"_coverageSchema":"1a1c01bbd47fc00a2c39e90264f33305004495a9","hash":"10bde8745b40c7e08af575ca0e3f4c3618a260b7"}
,"D:\\grow\\week9\\day4\\Payroll\\payrollService.js": {"path":"D:\\grow\\week9\\day4\\Payroll\\payrollService.js","statementMap":{"0":{"start":{"line":1,"column":17},"end":{"line":1,"column":36}},"1":{"start":{"line":2,"column":16},"end":{"line":2,"column":51}},"2":{"start":{"line":4,"column":0},"end":{"line":24,"column":2}},"3":{"start":{"line":5,"column":20},"end":{"line":5,"column":49}},"4":{"start":{"line":6,"column":4},"end":{"line":6,"column":31}},"5":{"start":{"line":8,"column":4},"end":{"line":23,"column":5}},"6":{"start":{"line":9,"column":24},"end":{"line":14,"column":24}},"7":{"start":{"line":16,"column":8},"end":{"line":16,"column":42}},"8":{"start":{"line":17,"column":8},"end":{"line":17,"column":29}},"9":{"start":{"line":18,"column":8},"end":{"line":18,"column":26}},"10":{"start":{"line":20,"column":8},"end":{"line":20,"column":41}},"11":{"start":{"line":21,"column":8},"end":{"line":21,"column":29}},"12":{"start":{"line":22,"column":8},"end":{"line":22,"column":18}}},"fnMap":{"0":{"name":"(anonymous_0)","decl":{"start":{"line":4,"column":35},"end":{"line":4,"column":36}},"loc":{"start":{"line":4,"column":92},"end":{"line":24,"column":1}},"line":4}},"branchMap":{"0":{"loc":{"start":{"line":4,"column":62},"end":{"line":4,"column":71}},"type":"default-arg","locations":[{"start":{"line":4,"column":70},"end":{"line":4,"column":71}}],"line":4},"1":{"loc":{"start":{"line":4,"column":73},"end":{"line":4,"column":87}},"type":"default-arg","locations":[{"start":{"line":4,"column":86},"end":{"line":4,"column":87}}],"line":4}},"s":{"0":2,"1":2,"2":2,"3":2,"4":2,"5":2,"6":2,"7":1,"8":1,"9":1,"10":1,"11":1,"12":1},"f":{"0":2},"b":{"0":[1],"1":[1]},"_coverageSchema":"1a1c01bbd47fc00a2c39e90264f33305004495a9","hash":"3aa709bec5bfa552675c41baaf89b9f0e523c0d2"}
,"D:\\grow\\week9\\day4\\audit\\auditTrail.controller.js": {"path":"D:\\grow\\week9\\day4\\audit\\auditTrail.controller.js","statementMap":{"0":{"start":{"line":1,"column":21},"end":{"line":1,"column":52}},"1":{"start":{"line":3,"column":0},"end":{"line":6,"column":2}},"2":{"start":{"line":4,"column":15},"end":{"line":4,"column":46}},"3":{"start":{"line":5,"column":2},"end":{"line":5,"column":17}},"4":{"start":{"line":8,"column":0},"end":{"line":11,"column":2}},"5":{"start":{"line":9,"column":15},"end":{"line":9,"column":68}},"6":{"start":{"line":10,"column":2},"end":{"line":10,"column":17}}},"fnMap":{"0":{"name":"(anonymous_0)","decl":{"start":{"line":3,"column":23},"end":{"line":3,"column":24}},"loc":{"start":{"line":3,"column":43},"end":{"line":6,"column":1}},"line":3},"1":{"name":"(anonymous_1)","decl":{"start":{"line":8,"column":29},"end":{"line":8,"column":30}},"loc":{"start":{"line":8,"column":49},"end":{"line":11,"column":1}},"line":8}},"branchMap":{},"s":{"0":1,"1":1,"2":0,"3":0,"4":1,"5":0,"6":0},"f":{"0":0,"1":0},"b":{},"_coverageSchema":"1a1c01bbd47fc00a2c39e90264f33305004495a9","hash":"810570596768a88e777353d12e02ea2fffc303ee"}
,"D:\\grow\\week9\\day4\\audit\\auditTrail.service.js": {"path":"D:\\grow\\week9\\day4\\audit\\auditTrail.service.js","statementMap":{"0":{"start":{"line":1,"column":19},"end":{"line":1,"column":48}},"1":{"start":{"line":3,"column":19},"end":{"line":5,"column":1}},"2":{"start":{"line":4,"column":2},"end":{"line":4,"column":51}},"3":{"start":{"line":7,"column":24},"end":{"line":9,"column":1}},"4":{"start":{"line":8,"column":2},"end":{"line":8,"column":61}},"5":{"start":{"line":11,"column":0},"end":{"line":11,"column":49}}},"fnMap":{"0":{"name":"(anonymous_0)","decl":{"start":{"line":3,"column":19},"end":{"line":3,"column":20}},"loc":{"start":{"line":3,"column":31},"end":{"line":5,"column":1}},"line":3},"1":{"name":"(anonymous_1)","decl":{"start":{"line":7,"column":24},"end":{"line":7,"column":25}},"loc":{"start":{"line":7,"column":42},"end":{"line":9,"column":1}},"line":7}},"branchMap":{},"s":{"0":1,"1":1,"2":0,"3":1,"4":0,"5":1},"f":{"0":0,"1":0},"b":{},"_coverageSchema":"1a1c01bbd47fc00a2c39e90264f33305004495a9","hash":"e2a0d0704beef0317ec71cc224fe420f33b03080"}
,"D:\\grow\\week9\\day4\\audit\\auditTrial.model.js": {"path":"D:\\grow\\week9\\day4\\audit\\auditTrial.model.js","statementMap":{"0":{"start":{"line":1,"column":17},"end":{"line":1,"column":36}},"1":{"start":{"line":3,"column":25},"end":{"line":11,"column":2}},"2":{"start":{"line":13,"column":0},"end":{"line":13,"column":64}}},"fnMap":{},"branchMap":{},"s":{"0":1,"1":1,"2":1},"f":{},"b":{},"_coverageSchema":"1a1c01bbd47fc00a2c39e90264f33305004495a9","hash":"556191a9da4f9e648eba06e83fcaabb00b48e18f"}
,"D:\\grow\\week9\\day4\\audit\\auditTrial.routes.js": {"path":"D:\\grow\\week9\\day4\\audit\\auditTrial.routes.js","statementMap":{"0":{"start":{"line":1,"column":16},"end":{"line":1,"column":34}},"1":{"start":{"line":2,"column":15},"end":{"line":2,"column":31}},"2":{"start":{"line":3,"column":19},"end":{"line":3,"column":53}},"3":{"start":{"line":4,"column":25},"end":{"line":4,"column":66}},"4":{"start":{"line":5,"column":13},"end":{"line":5,"column":54}},"5":{"start":{"line":7,"column":0},"end":{"line":7,"column":42}},"6":{"start":{"line":8,"column":0},"end":{"line":8,"column":54}},"7":{"start":{"line":9,"column":0},"end":{"line":9,"column":54}},"8":{"start":{"line":11,"column":0},"end":{"line":11,"column":24}}},"fnMap":{},"branchMap":{},"s":{"0":1,"1":1,"2":1,"3":1,"4":1,"5":1,"6":1,"7":1,"8":1},"f":{},"b":{},"_coverageSchema":"1a1c01bbd47fc00a2c39e90264f33305004495a9","hash":"a08909ea2f86d73c273d31f58ae0ff0ffb9269f8"}
,"D:\\grow\\week9\\day4\\config\\db.js": {"path":"D:\\grow\\week9\\day4\\config\\db.js","statementMap":{"0":{"start":{"line":14,"column":17},"end":{"line":14,"column":36}},"1":{"start":{"line":16,"column":0},"end":{"line":20,"column":1}},"2":{"start":{"line":17,"column":2},"end":{"line":19,"column":69}},"3":{"start":{"line":18,"column":16},"end":{"line":18,"column":48}},"4":{"start":{"line":19,"column":20},"end":{"line":19,"column":67}}},"fnMap":{"0":{"name":"(anonymous_0)","decl":{"start":{"line":18,"column":10},"end":{"line":18,"column":11}},"loc":{"start":{"line":18,"column":16},"end":{"line":18,"column":48}},"line":18},"1":{"name":"(anonymous_1)","decl":{"start":{"line":19,"column":11},"end":{"line":19,"column":12}},"loc":{"start":{"line":19,"column":20},"end":{"line":19,"column":67}},"line":19}},"branchMap":{"0":{"loc":{"start":{"line":16,"column":0},"end":{"line":20,"column":1}},"type":"if","locations":[{"start":{"line":16,"column":0},"end":{"line":20,"column":1}},{"start":{},"end":{}}],"line":16}},"s":{"0":1,"1":1,"2":0,"3":0,"4":0},"f":{"0":0,"1":0},"b":{"0":[0,1]},"_coverageSchema":"1a1c01bbd47fc00a2c39e90264f33305004495a9","hash":"d5303a7d6c48e9058e8d741493f314e5a2551105"}
,"D:\\grow\\week9\\day4\\middlewares\\audit.middleware.js": {"path":"D:\\grow\\week9\\day4\\middlewares\\audit.middleware.js","statementMap":{"0":{"start":{"line":1,"column":19},"end":{"line":1,"column":55}},"1":{"start":{"line":3,"column":24},"end":{"line":32,"column":1}},"2":{"start":{"line":4,"column":4},"end":{"line":4,"column":63}},"3":{"start":{"line":4,"column":49},"end":{"line":4,"column":63}},"4":{"start":{"line":6,"column":17},"end":{"line":6,"column":31}},"5":{"start":{"line":7,"column":25},"end":{"line":7,"column":33}},"6":{"start":{"line":9,"column":4},"end":{"line":29,"column":6}},"7":{"start":{"line":10,"column":8},"end":{"line":26,"column":9}},"8":{"start":{"line":11,"column":31},"end":{"line":11,"column":56}},"9":{"start":{"line":12,"column":23},"end":{"line":12,"column":36}},"10":{"start":{"line":14,"column":27},"end":{"line":14,"column":62}},"11":{"start":{"line":16,"column":12},"end":{"line":23,"column":40}},"12":{"start":{"line":25,"column":12},"end":{"line":25,"column":53}},"13":{"start":{"line":28,"column":8},"end":{"line":28,"column":51}},"14":{"start":{"line":31,"column":4},"end":{"line":31,"column":11}},"15":{"start":{"line":34,"column":0},"end":{"line":34,"column":33}}},"fnMap":{"0":{"name":"(anonymous_0)","decl":{"start":{"line":3,"column":24},"end":{"line":3,"column":25}},"loc":{"start":{"line":3,"column":50},"end":{"line":32,"column":1}},"line":3},"1":{"name":"(anonymous_1)","decl":{"start":{"line":9,"column":15},"end":{"line":9,"column":16}},"loc":{"start":{"line":9,"column":37},"end":{"line":29,"column":5}},"line":9}},"branchMap":{"0":{"loc":{"start":{"line":4,"column":4},"end":{"line":4,"column":63}},"type":"if","locations":[{"start":{"line":4,"column":4},"end":{"line":4,"column":63}},{"start":{},"end":{}}],"line":4},"1":{"loc":{"start":{"line":6,"column":17},"end":{"line":6,"column":31}},"type":"binary-expr","locations":[{"start":{"line":6,"column":17},"end":{"line":6,"column":25}},{"start":{"line":6,"column":29},"end":{"line":6,"column":31}}],"line":6},"2":{"loc":{"start":{"line":17,"column":24},"end":{"line":17,"column":66}},"type":"cond-expr","locations":[{"start":{"line":17,"column":47},"end":{"line":17,"column":55}},{"start":{"line":17,"column":58},"end":{"line":17,"column":66}}],"line":17},"3":{"loc":{"start":{"line":21,"column":25},"end":{"line":21,"column":43}},"type":"binary-expr","locations":[{"start":{"line":21,"column":25},"end":{"line":21,"column":35}},{"start":{"line":21,"column":39},"end":{"line":21,"column":43}}],"line":21},"4":{"loc":{"start":{"line":22,"column":23},"end":{"line":22,"column":98}},"type":"cond-expr","locations":[{"start":{"line":22,"column":46},"end":{"line":22,"column":91}},{"start":{"line":22,"column":94},"end":{"line":22,"column":98}}],"line":22},"5":{"loc":{"start":{"line":22,"column":46},"end":{"line":22,"column":91}},"type":"binary-expr","locations":[{"start":{"line":22,"column":46},"end":{"line":22,"column":71}},{"start":{"line":22,"column":75},"end":{"line":22,"column":91}}],"line":22}},"s":{"0":1,"1":1,"2":0,"3":0,"4":0,"5":0,"6":0,"7":0,"8":0,"9":0,"10":0,"11":0,"12":0,"13":0,"14":0,"15":1},"f":{"0":0,"1":0},"b":{"0":[0,0],"1":[0,0],"2":[0,0],"3":[0,0],"4":[0,0],"5":[0,0]},"_coverageSchema":"1a1c01bbd47fc00a2c39e90264f33305004495a9","hash":"689c744b8fe0ad626f14392c46198649e953c814"}
,"D:\\grow\\week9\\day4\\middlewares\\auth.middleware.js": {"path":"D:\\grow\\week9\\day4\\middlewares\\auth.middleware.js","statementMap":{"0":{"start":{"line":2,"column":12},"end":{"line":2,"column":35}},"1":{"start":{"line":3,"column":13},"end":{"line":3,"column":44}},"2":{"start":{"line":4,"column":22},"end":{"line":4,"column":55}},"3":{"start":{"line":6,"column":0},"end":{"line":31,"column":2}},"4":{"start":{"line":7,"column":2},"end":{"line":30,"column":3}},"5":{"start":{"line":8,"column":23},"end":{"line":8,"column":48}},"6":{"start":{"line":9,"column":4},"end":{"line":11,"column":5}},"7":{"start":{"line":10,"column":6},"end":{"line":10,"column":54}},"8":{"start":{"line":12,"column":18},"end":{"line":12,"column":42}},"9":{"start":{"line":13,"column":20},"end":{"line":13,"column":61}},"10":{"start":{"line":14,"column":17},"end":{"line":14,"column":48}},"11":{"start":{"line":15,"column":4},"end":{"line":15,"column":67}},"12":{"start":{"line":15,"column":15},"end":{"line":15,"column":67}},"13":{"start":{"line":17,"column":4},"end":{"line":17,"column":87}},"14":{"start":{"line":17,"column":23},"end":{"line":17,"column":87}},"15":{"start":{"line":19,"column":4},"end":{"line":24,"column":5}},"16":{"start":{"line":20,"column":27},"end":{"line":20,"column":80}},"17":{"start":{"line":21,"column":6},"end":{"line":23,"column":7}},"18":{"start":{"line":22,"column":8},"end":{"line":22,"column":82}},"19":{"start":{"line":25,"column":4},"end":{"line":25,"column":20}},"20":{"start":{"line":26,"column":4},"end":{"line":26,"column":11}},"21":{"start":{"line":28,"column":4},"end":{"line":28,"column":46}},"22":{"start":{"line":29,"column":4},"end":{"line":29,"column":59}}},"fnMap":{"0":{"name":"(anonymous_0)","decl":{"start":{"line":6,"column":23},"end":{"line":6,"column":24}},"loc":{"start":{"line":6,"column":49},"end":{"line":31,"column":1}},"line":6}},"branchMap":{"0":{"loc":{"start":{"line":9,"column":4},"end":{"line":11,"column":5}},"type":"if","locations":[{"start":{"line":9,"column":4},"end":{"line":11,"column":5}},{"start":{},"end":{}}],"line":9},"1":{"loc":{"start":{"line":9,"column":8},"end":{"line":9,"column":56}},"type":"binary-expr","locations":[{"start":{"line":9,"column":8},"end":{"line":9,"column":19}},{"start":{"line":9,"column":23},"end":{"line":9,"column":56}}],"line":9},"2":{"loc":{"start":{"line":15,"column":4},"end":{"line":15,"column":67}},"type":"if","locations":[{"start":{"line":15,"column":4},"end":{"line":15,"column":67}},{"start":{},"end":{}}],"line":15},"3":{"loc":{"start":{"line":17,"column":4},"end":{"line":17,"column":87}},"type":"if","locations":[{"start":{"line":17,"column":4},"end":{"line":17,"column":87}},{"start":{},"end":{}}],"line":17},"4":{"loc":{"start":{"line":19,"column":4},"end":{"line":24,"column":5}},"type":"if","locations":[{"start":{"line":19,"column":4},"end":{"line":24,"column":5}},{"start":{},"end":{}}],"line":19},"5":{"loc":{"start":{"line":21,"column":6},"end":{"line":23,"column":7}},"type":"if","locations":[{"start":{"line":21,"column":6},"end":{"line":23,"column":7}},{"start":{},"end":{}}],"line":21}},"s":{"0":1,"1":1,"2":1,"3":1,"4":0,"5":0,"6":0,"7":0,"8":0,"9":0,"10":0,"11":0,"12":0,"13":0,"14":0,"15":0,"16":0,"17":0,"18":0,"19":0,"20":0,"21":0,"22":0},"f":{"0":0},"b":{"0":[0,0],"1":[0,0],"2":[0,0],"3":[0,0],"4":[0,0],"5":[0,0]},"_coverageSchema":"1a1c01bbd47fc00a2c39e90264f33305004495a9","hash":"d5c6833e88f78840c7118fa15471d809a6154186"}
,"D:\\grow\\week9\\day4\\middlewares\\rbac.middleware.js": {"path":"D:\\grow\\week9\\day4\\middlewares\\rbac.middleware.js","statementMap":{"0":{"start":{"line":1,"column":0},"end":{"line":12,"column":2}},"1":{"start":{"line":2,"column":2},"end":{"line":11,"column":4}},"2":{"start":{"line":3,"column":4},"end":{"line":9,"column":5}},"3":{"start":{"line":4,"column":6},"end":{"line":8,"column":9}},"4":{"start":{"line":10,"column":4},"end":{"line":10,"column":11}}},"fnMap":{"0":{"name":"(anonymous_0)","decl":{"start":{"line":1,"column":17},"end":{"line":1,"column":18}},"loc":{"start":{"line":1,"column":33},"end":{"line":12,"column":1}},"line":1},"1":{"name":"(anonymous_1)","decl":{"start":{"line":2,"column":9},"end":{"line":2,"column":10}},"loc":{"start":{"line":2,"column":29},"end":{"line":11,"column":3}},"line":2}},"branchMap":{"0":{"loc":{"start":{"line":1,"column":18},"end":{"line":1,"column":28}},"type":"default-arg","locations":[{"start":{"line":1,"column":26},"end":{"line":1,"column":28}}],"line":1},"1":{"loc":{"start":{"line":3,"column":4},"end":{"line":9,"column":5}},"type":"if","locations":[{"start":{"line":3,"column":4},"end":{"line":9,"column":5}},{"start":{},"end":{}}],"line":3},"2":{"loc":{"start":{"line":3,"column":8},"end":{"line":3,"column":51}},"type":"binary-expr","locations":[{"start":{"line":3,"column":8},"end":{"line":3,"column":17}},{"start":{"line":3,"column":21},"end":{"line":3,"column":51}}],"line":3}},"s":{"0":1,"1":3,"2":0,"3":0,"4":0},"f":{"0":3,"1":0},"b":{"0":[0],"1":[0,0],"2":[0,0]},"_coverageSchema":"1a1c01bbd47fc00a2c39e90264f33305004495a9","hash":"f99862a95faf045e2b8b317cc7c491c2ceb9f4ed"}
,"D:\\grow\\week9\\day4\\middlewares\\requestLogger.js": {"path":"D:\\grow\\week9\\day4\\middlewares\\requestLogger.js","statementMap":{"0":{"start":{"line":1,"column":15},"end":{"line":1,"column":41}},"1":{"start":{"line":2,"column":18},"end":{"line":2,"column":38}},"2":{"start":{"line":4,"column":22},"end":{"line":20,"column":1}},"3":{"start":{"line":5,"column":15},"end":{"line":5,"column":29}},"4":{"start":{"line":6,"column":16},"end":{"line":6,"column":58}},"5":{"start":{"line":8,"column":2},"end":{"line":17,"column":5}},"6":{"start":{"line":19,"column":2},"end":{"line":19,"column":9}},"7":{"start":{"line":22,"column":0},"end":{"line":22,"column":31}}},"fnMap":{"0":{"name":"(anonymous_0)","decl":{"start":{"line":4,"column":22},"end":{"line":4,"column":23}},"loc":{"start":{"line":4,"column":42},"end":{"line":20,"column":1}},"line":4}},"branchMap":{"0":{"loc":{"start":{"line":5,"column":15},"end":{"line":5,"column":29}},"type":"binary-expr","locations":[{"start":{"line":5,"column":15},"end":{"line":5,"column":23}},{"start":{"line":5,"column":27},"end":{"line":5,"column":29}}],"line":5},"1":{"loc":{"start":{"line":12,"column":8},"end":{"line":12,"column":46}},"type":"binary-expr","locations":[{"start":{"line":12,"column":8},"end":{"line":12,"column":14}},{"start":{"line":12,"column":18},"end":{"line":12,"column":46}}],"line":12},"2":{"loc":{"start":{"line":14,"column":10},"end":{"line":14,"column":37}},"type":"binary-expr","locations":[{"start":{"line":14,"column":10},"end":{"line":14,"column":19}},{"start":{"line":14,"column":23},"end":{"line":14,"column":37}}],"line":14}},"s":{"0":1,"1":1,"2":1,"3":5,"4":5,"5":5,"6":5,"7":1},"f":{"0":5},"b":{"0":[5,5],"1":[5,0],"2":[5,5]},"_coverageSchema":"1a1c01bbd47fc00a2c39e90264f33305004495a9","hash":"8c62288dca335488b8a9d35439847a8b0c636614"}
,"D:\\grow\\week9\\day4\\utils\\errorResponse.js": {"path":"D:\\grow\\week9\\day4\\utils\\errorResponse.js","statementMap":{"0":{"start":{"line":1,"column":0},"end":{"line":15,"column":2}},"1":{"start":{"line":2,"column":2},"end":{"line":14,"column":5}},"2":{"start":{"line":6,"column":30},"end":{"line":13,"column":5}},"3":{"start":{"line":17,"column":0},"end":{"line":23,"column":2}},"4":{"start":{"line":18,"column":2},"end":{"line":22,"column":5}}},"fnMap":{"0":{"name":"(anonymous_0)","decl":{"start":{"line":1,"column":30},"end":{"line":1,"column":31}},"loc":{"start":{"line":1,"column":144},"end":{"line":15,"column":1}},"line":1},"1":{"name":"(anonymous_1)","decl":{"start":{"line":6,"column":22},"end":{"line":6,"column":23}},"loc":{"start":{"line":6,"column":30},"end":{"line":13,"column":5}},"line":6},"2":{"name":"(anonymous_2)","decl":{"start":{"line":17,"column":20},"end":{"line":17,"column":21}},"loc":{"start":{"line":17,"column":81},"end":{"line":23,"column":1}},"line":17}},"branchMap":{"0":{"loc":{"start":{"line":1,"column":44},"end":{"line":1,"column":60}},"type":"default-arg","locations":[{"start":{"line":1,"column":57},"end":{"line":1,"column":60}}],"line":1},"1":{"loc":{"start":{"line":1,"column":62},"end":{"line":1,"column":121}},"type":"default-arg","locations":[{"start":{"line":1,"column":72},"end":{"line":1,"column":121}}],"line":1},"2":{"loc":{"start":{"line":1,"column":122},"end":{"line":1,"column":139}},"type":"default-arg","locations":[{"start":{"line":1,"column":137},"end":{"line":1,"column":139}}],"line":1},"3":{"loc":{"start":{"line":17,"column":26},"end":{"line":17,"column":42}},"type":"default-arg","locations":[{"start":{"line":17,"column":39},"end":{"line":17,"column":42}}],"line":17},"4":{"loc":{"start":{"line":17,"column":44},"end":{"line":17,"column":76}},"type":"default-arg","locations":[{"start":{"line":17,"column":54},"end":{"line":17,"column":76}}],"line":17}},"s":{"0":2,"1":0,"2":0,"3":2,"4":4},"f":{"0":0,"1":0,"2":4},"b":{"0":[0],"1":[0],"2":[0],"3":[0],"4":[0]},"_coverageSchema":"1a1c01bbd47fc00a2c39e90264f33305004495a9","hash":"72364875d1b2978c9e87d73478b79b5a11f6861c"}
,"D:\\grow\\week9\\day4\\utils\\logger.js": {"path":"D:\\grow\\week9\\day4\\utils\\logger.js","statementMap":{"0":{"start":{"line":1,"column":45},"end":{"line":1,"column":63}},"1":{"start":{"line":2,"column":0},"end":{"line":2,"column":27}},"2":{"start":{"line":4,"column":15},"end":{"line":23,"column":2}},"3":{"start":{"line":25,"column":0},"end":{"line":25,"column":24}}},"fnMap":{},"branchMap":{},"s":{"0":1,"1":1,"2":1,"3":1},"f":{},"b":{},"_coverageSchema":"1a1c01bbd47fc00a2c39e90264f33305004495a9","hash":"94ad0aa9076be59d75fe48e4d1a4714a3d89fef7"}
,"D:\\grow\\week9\\day4\\utils\\tokenUtils.js": {"path":"D:\\grow\\week9\\day4\\utils\\tokenUtils.js","statementMap":{"0":{"start":{"line":1,"column":12},"end":{"line":1,"column":35}},"1":{"start":{"line":3,"column":0},"end":{"line":4,"column":92}},"2":{"start":{"line":4,"column":2},"end":{"line":4,"column":91}},"3":{"start":{"line":6,"column":0},"end":{"line":7,"column":110}},"4":{"start":{"line":7,"column":2},"end":{"line":7,"column":109}}},"fnMap":{"0":{"name":"(anonymous_0)","decl":{"start":{"line":3,"column":30},"end":{"line":3,"column":31}},"loc":{"start":{"line":4,"column":2},"end":{"line":4,"column":91}},"line":4},"1":{"name":"(anonymous_1)","decl":{"start":{"line":6,"column":31},"end":{"line":6,"column":32}},"loc":{"start":{"line":7,"column":2},"end":{"line":7,"column":109}},"line":7}},"branchMap":{},"s":{"0":1,"1":1,"2":1,"3":1,"4":1},"f":{"0":1,"1":1},"b":{},"_coverageSchema":"1a1c01bbd47fc00a2c39e90264f33305004495a9","hash":"78a671e73ec27b89953ea5901ec4a745dd0286ab"}
}
